Determining if the pthread_create exist failed with the following output:
Change Dir: /home/tatran/Desktop/CIS-563-Final-Project-Particle-Take-2/build/CMakeFiles/CMakeTmp

Run Build Command:"/usr/bin/make" "cmTC_226fb/fast"
/usr/bin/make -f CMakeFiles/cmTC_226fb.dir/build.make CMakeFiles/cmTC_226fb.dir/build
make[1]: Entering directory '/home/tatran/Desktop/CIS-563-Final-Project-Particle-Take-2/build/CMakeFiles/CMakeTmp'
Building CXX object CMakeFiles/cmTC_226fb.dir/CheckSymbolExists.cxx.o
/usr/bin/c++    -Wno-reorder -Wno-sign-compare -Wno-format-nonliteral -Wno-unused-but-set-variable -Wno-misleading-indentation -Wno-unused-variable -Wno-maybe-uninitialized -fPIC -Wall -Werror=all -Wextra -Wno-unused-parameter -Wcast-align -Wformat=2 -Winit-self -Wmissing-include-dirs -Woverloaded-virtual -Wredundant-decls -march=native -fno-math-errno    -o CMakeFiles/cmTC_226fb.dir/CheckSymbolExists.cxx.o -c /home/tatran/Desktop/CIS-563-Final-Project-Particle-Take-2/build/CMakeFiles/CMakeTmp/CheckSymbolExists.cxx
Linking CXX executable cmTC_226fb
/usr/bin/cmake -E cmake_link_script CMakeFiles/cmTC_226fb.dir/link.txt --verbose=1
/usr/bin/c++   -Wno-reorder -Wno-sign-compare -Wno-format-nonliteral -Wno-unused-but-set-variable -Wno-misleading-indentation -Wno-unused-variable -Wno-maybe-uninitialized -fPIC -Wall -Werror=all -Wextra -Wno-unused-parameter -Wcast-align -Wformat=2 -Winit-self -Wmissing-include-dirs -Woverloaded-virtual -Wredundant-decls -march=native -fno-math-errno     -rdynamic CMakeFiles/cmTC_226fb.dir/CheckSymbolExists.cxx.o  -o cmTC_226fb 
CMakeFiles/cmTC_226fb.dir/CheckSymbolExists.cxx.o: In function `main':
CheckSymbolExists.cxx:(.text+0x1b): undefined reference to `pthread_create'
collect2: error: ld returned 1 exit status
CMakeFiles/cmTC_226fb.dir/build.make:97: recipe for target 'cmTC_226fb' failed
make[1]: *** [cmTC_226fb] Error 1
make[1]: Leaving directory '/home/tatran/Desktop/CIS-563-Final-Project-Particle-Take-2/build/CMakeFiles/CMakeTmp'
Makefile:126: recipe for target 'cmTC_226fb/fast' failed
make: *** [cmTC_226fb/fast] Error 2

File /home/tatran/Desktop/CIS-563-Final-Project-Particle-Take-2/build/CMakeFiles/CMakeTmp/CheckSymbolExists.cxx:
/* */
#include <pthread.h>

int main(int argc, char** argv)
{
  (void)argv;
#ifndef pthread_create
  return ((int*)(&pthread_create))[argc];
#else
  (void)argc;
  return 0;
#endif
}

Determining if the function pthread_create exists in the pthreads failed with the following output:
Change Dir: /home/tatran/Desktop/CIS-563-Final-Project-Particle-Take-2/build/CMakeFiles/CMakeTmp

Run Build Command:"/usr/bin/make" "cmTC_ccc83/fast"
/usr/bin/make -f CMakeFiles/cmTC_ccc83.dir/build.make CMakeFiles/cmTC_ccc83.dir/build
make[1]: Entering directory '/home/tatran/Desktop/CIS-563-Final-Project-Particle-Take-2/build/CMakeFiles/CMakeTmp'
Building CXX object CMakeFiles/cmTC_ccc83.dir/CheckFunctionExists.cxx.o
/usr/bin/c++    -Wno-reorder -Wno-sign-compare -Wno-format-nonliteral -Wno-unused-but-set-variable -Wno-misleading-indentation -Wno-unused-variable -Wno-maybe-uninitialized -fPIC -Wall -Werror=all -Wextra -Wno-unused-parameter -Wcast-align -Wformat=2 -Winit-self -Wmissing-include-dirs -Woverloaded-virtual -Wredundant-decls -march=native -fno-math-errno -DCHECK_FUNCTION_EXISTS=pthread_create   -o CMakeFiles/cmTC_ccc83.dir/CheckFunctionExists.cxx.o -c /home/tatran/Desktop/CIS-563-Final-Project-Particle-Take-2/build/CMakeFiles/CheckLibraryExists/CheckFunctionExists.cxx
Linking CXX executable cmTC_ccc83
/usr/bin/cmake -E cmake_link_script CMakeFiles/cmTC_ccc83.dir/link.txt --verbose=1
/usr/bin/c++   -Wno-reorder -Wno-sign-compare -Wno-format-nonliteral -Wno-unused-but-set-variable -Wno-misleading-indentation -Wno-unused-variable -Wno-maybe-uninitialized -fPIC -Wall -Werror=all -Wextra -Wno-unused-parameter -Wcast-align -Wformat=2 -Winit-self -Wmissing-include-dirs -Woverloaded-virtual -Wredundant-decls -march=native -fno-math-errno -DCHECK_FUNCTION_EXISTS=pthread_create    -rdynamic CMakeFiles/cmTC_ccc83.dir/CheckFunctionExists.cxx.o  -o cmTC_ccc83 -lpthreads 
/usr/bin/ld: cannot find -lpthreads
collect2: error: ld returned 1 exit status
CMakeFiles/cmTC_ccc83.dir/build.make:97: recipe for target 'cmTC_ccc83' failed
make[1]: *** [cmTC_ccc83] Error 1
make[1]: Leaving directory '/home/tatran/Desktop/CIS-563-Final-Project-Particle-Take-2/build/CMakeFiles/CMakeTmp'
Makefile:126: recipe for target 'cmTC_ccc83/fast' failed
make: *** [cmTC_ccc83/fast] Error 2


